[0.290s] DEBUG:colcon:Command line arguments: ['/usr/bin/colcon', 'build']
[0.290s] DEBUG:colcon:Parsed command line arguments: Namespace(log_base=None, log_level=None, verb_name='build', build_base='build', install_base='install', merge_install=False, symlink_install=False, test_result_base=None, continue_on_error=False, executor='parallel', parallel_workers=4, event_handlers=None, ignore_user_meta=False, metas=['./colcon.meta'], base_paths=['.'], packages_ignore=None, packages_ignore_regex=None, paths=None, packages_up_to=None, packages_up_to_regex=None, packages_above=None, packages_above_and_dependencies=None, packages_above_depth=None, packages_select_by_dep=None, packages_skip_by_dep=None, packages_skip_up_to=None, packages_select_build_failed=False, packages_skip_build_finished=False, packages_select_test_failures=False, packages_skip_test_passed=False, packages_select=None, packages_skip=None, packages_select_regex=None, packages_skip_regex=None, packages_start=None, packages_end=None, allow_overriding=[], cmake_args=None, cmake_target=None, cmake_target_skip_unavailable=False, cmake_clean_cache=False, cmake_clean_first=False, cmake_force_configure=False, ament_cmake_args=None, catkin_cmake_args=None, catkin_skip_building_tests=False, verb_parser=<colcon_defaults.argument_parser.defaults.DefaultArgumentsDecorator object at 0xffffb4899520>, verb_extension=<colcon_core.verb.build.BuildVerb object at 0xffffb4a460f0>, main=<bound method BuildVerb.main of <colcon_core.verb.build.BuildVerb object at 0xffffb4a460f0>>)
[0.408s] Level 1:colcon.colcon_core.package_discovery:discover_packages(colcon_meta) check parameters
[0.408s] Level 1:colcon.colcon_core.package_discovery:discover_packages(recursive) check parameters
[0.408s] Level 1:colcon.colcon_core.package_discovery:discover_packages(ignore) check parameters
[0.408s] Level 1:colcon.colcon_core.package_discovery:discover_packages(path) check parameters
[0.408s] Level 1:colcon.colcon_core.package_discovery:discover_packages(colcon_meta) discover
[0.408s] Level 1:colcon.colcon_core.package_discovery:discover_packages(recursive) discover
[0.408s] INFO:colcon.colcon_core.package_discovery:Crawling recursively for packages in '/home/lulu/mecanum_lulu'
[0.409s] Level 1:colcon.colcon_core.package_identification:_identify(.) by extensions ['ignore', 'ignore_ament_install']
[0.409s] Level 1:colcon.colcon_core.package_identification:_identify(.) by extension 'ignore'
[0.409s] Level 1:colcon.colcon_core.package_identification:_identify(.) by extension 'ignore_ament_install'
[0.409s] Level 1:colcon.colcon_core.package_identification:_identify(.) by extensions ['colcon_pkg']
[0.409s] Level 1:colcon.colcon_core.package_identification:_identify(.) by extension 'colcon_pkg'
[0.409s] Level 1:colcon.colcon_core.package_identification:_identify(.) by extensions ['colcon_meta']
[0.409s] Level 1:colcon.colcon_core.package_identification:_identify(.) by extension 'colcon_meta'
[0.409s] Level 1:colcon.colcon_core.package_identification:_identify(.) by extensions ['ros']
[0.409s] Level 1:colcon.colcon_core.package_identification:_identify(.) by extension 'ros'
[0.447s] Level 1:colcon.colcon_core.package_identification:_identify(.) by extensions ['cmake', 'python']
[0.447s] Level 1:colcon.colcon_core.package_identification:_identify(.) by extension 'cmake'
[0.447s] Level 1:colcon.colcon_core.package_identification:_identify(.) by extension 'python'
[0.447s] Level 1:colcon.colcon_core.package_identification:_identify(.) by extensions ['python_setup_py']
[0.447s] Level 1:colcon.colcon_core.package_identification:_identify(.) by extension 'python_setup_py'
[0.447s] Level 1:colcon.colcon_core.package_identification:_identify(build) by extensions ['ignore', 'ignore_ament_install']
[0.447s] Level 1:colcon.colcon_core.package_identification:_identify(build) by extension 'ignore'
[0.447s] Level 1:colcon.colcon_core.package_identification:_identify(build) ignored
[0.447s] Level 1:colcon.colcon_core.package_identification:_identify(docs) by extensions ['ignore', 'ignore_ament_install']
[0.448s] Level 1:colcon.colcon_core.package_identification:_identify(docs) by extension 'ignore'
[0.448s] Level 1:colcon.colcon_core.package_identification:_identify(docs) by extension 'ignore_ament_install'
[0.448s] Level 1:colcon.colcon_core.package_identification:_identify(docs) by extensions ['colcon_pkg']
[0.448s] Level 1:colcon.colcon_core.package_identification:_identify(docs) by extension 'colcon_pkg'
[0.448s] Level 1:colcon.colcon_core.package_identification:_identify(docs) by extensions ['colcon_meta']
[0.448s] Level 1:colcon.colcon_core.package_identification:_identify(docs) by extension 'colcon_meta'
[0.448s] Level 1:colcon.colcon_core.package_identification:_identify(docs) by extensions ['ros']
[0.448s] Level 1:colcon.colcon_core.package_identification:_identify(docs) by extension 'ros'
[0.448s] Level 1:colcon.colcon_core.package_identification:_identify(docs) by extensions ['cmake', 'python']
[0.448s] Level 1:colcon.colcon_core.package_identification:_identify(docs) by extension 'cmake'
[0.448s] Level 1:colcon.colcon_core.package_identification:_identify(docs) by extension 'python'
[0.448s] Level 1:colcon.colcon_core.package_identification:_identify(docs) by extensions ['python_setup_py']
[0.448s] Level 1:colcon.colcon_core.package_identification:_identify(docs) by extension 'python_setup_py'
[0.448s] Level 1:colcon.colcon_core.package_identification:_identify(firmware) by extensions ['ignore', 'ignore_ament_install']
[0.448s] Level 1:colcon.colcon_core.package_identification:_identify(firmware) by extension 'ignore'
[0.448s] Level 1:colcon.colcon_core.package_identification:_identify(firmware) by extension 'ignore_ament_install'
[0.448s] Level 1:colcon.colcon_core.package_identification:_identify(firmware) by extensions ['colcon_pkg']
[0.448s] Level 1:colcon.colcon_core.package_identification:_identify(firmware) by extension 'colcon_pkg'
[0.449s] Level 1:colcon.colcon_core.package_identification:_identify(firmware) by extensions ['colcon_meta']
[0.449s] Level 1:colcon.colcon_core.package_identification:_identify(firmware) by extension 'colcon_meta'
[0.449s] Level 1:colcon.colcon_core.package_identification:_identify(firmware) by extensions ['ros']
[0.449s] Level 1:colcon.colcon_core.package_identification:_identify(firmware) by extension 'ros'
[0.449s] Level 1:colcon.colcon_core.package_identification:_identify(firmware) by extensions ['cmake', 'python']
[0.449s] Level 1:colcon.colcon_core.package_identification:_identify(firmware) by extension 'cmake'
[0.449s] Level 1:colcon.colcon_core.package_identification:_identify(firmware) by extension 'python'
[0.449s] Level 1:colcon.colcon_core.package_identification:_identify(firmware) by extensions ['python_setup_py']
[0.449s] Level 1:colcon.colcon_core.package_identification:_identify(firmware) by extension 'python_setup_py'
[0.449s] Level 1:colcon.colcon_core.package_identification:_identify(firmware/src) by extensions ['ignore', 'ignore_ament_install']
[0.449s] Level 1:colcon.colcon_core.package_identification:_identify(firmware/src) by extension 'ignore'
[0.449s] Level 1:colcon.colcon_core.package_identification:_identify(firmware/src) by extension 'ignore_ament_install'
[0.449s] Level 1:colcon.colcon_core.package_identification:_identify(firmware/src) by extensions ['colcon_pkg']
[0.449s] Level 1:colcon.colcon_core.package_identification:_identify(firmware/src) by extension 'colcon_pkg'
[0.449s] Level 1:colcon.colcon_core.package_identification:_identify(firmware/src) by extensions ['colcon_meta']
[0.449s] Level 1:colcon.colcon_core.package_identification:_identify(firmware/src) by extension 'colcon_meta'
[0.449s] Level 1:colcon.colcon_core.package_identification:_identify(firmware/src) by extensions ['ros']
[0.449s] Level 1:colcon.colcon_core.package_identification:_identify(firmware/src) by extension 'ros'
[0.449s] Level 1:colcon.colcon_core.package_identification:_identify(firmware/src) by extensions ['cmake', 'python']
[0.449s] Level 1:colcon.colcon_core.package_identification:_identify(firmware/src) by extension 'cmake'
[0.450s] Level 1:colcon.colcon_core.package_identification:_identify(firmware/src) by extension 'python'
[0.450s] Level 1:colcon.colcon_core.package_identification:_identify(firmware/src) by extensions ['python_setup_py']
[0.450s] Level 1:colcon.colcon_core.package_identification:_identify(firmware/src) by extension 'python_setup_py'
[0.450s] Level 1:colcon.colcon_core.package_identification:_identify(firmware/src/test) by extensions ['ignore', 'ignore_ament_install']
[0.450s] Level 1:colcon.colcon_core.package_identification:_identify(firmware/src/test) by extension 'ignore'
[0.450s] Level 1:colcon.colcon_core.package_identification:_identify(firmware/src/test) by extension 'ignore_ament_install'
[0.450s] Level 1:colcon.colcon_core.package_identification:_identify(firmware/src/test) by extensions ['colcon_pkg']
[0.450s] Level 1:colcon.colcon_core.package_identification:_identify(firmware/src/test) by extension 'colcon_pkg'
[0.450s] Level 1:colcon.colcon_core.package_identification:_identify(firmware/src/test) by extensions ['colcon_meta']
[0.450s] Level 1:colcon.colcon_core.package_identification:_identify(firmware/src/test) by extension 'colcon_meta'
[0.450s] Level 1:colcon.colcon_core.package_identification:_identify(firmware/src/test) by extensions ['ros']
[0.450s] Level 1:colcon.colcon_core.package_identification:_identify(firmware/src/test) by extension 'ros'
[0.450s] Level 1:colcon.colcon_core.package_identification:_identify(firmware/src/test) by extensions ['cmake', 'python']
[0.450s] Level 1:colcon.colcon_core.package_identification:_identify(firmware/src/test) by extension 'cmake'
[0.450s] Level 1:colcon.colcon_core.package_identification:_identify(firmware/src/test) by extension 'python'
[0.450s] Level 1:colcon.colcon_core.package_identification:_identify(firmware/src/test) by extensions ['python_setup_py']
[0.450s] Level 1:colcon.colcon_core.package_identification:_identify(firmware/src/test) by extension 'python_setup_py'
[0.450s] Level 1:colcon.colcon_core.package_identification:_identify(firmware/src/test/motor_PID_params) by extensions ['ignore', 'ignore_ament_install']
[0.451s] Level 1:colcon.colcon_core.package_identification:_identify(firmware/src/test/motor_PID_params) by extension 'ignore'
[0.451s] Level 1:colcon.colcon_core.package_identification:_identify(firmware/src/test/motor_PID_params) by extension 'ignore_ament_install'
[0.451s] Level 1:colcon.colcon_core.package_identification:_identify(firmware/src/test/motor_PID_params) by extensions ['colcon_pkg']
[0.451s] Level 1:colcon.colcon_core.package_identification:_identify(firmware/src/test/motor_PID_params) by extension 'colcon_pkg'
[0.451s] Level 1:colcon.colcon_core.package_identification:_identify(firmware/src/test/motor_PID_params) by extensions ['colcon_meta']
[0.451s] Level 1:colcon.colcon_core.package_identification:_identify(firmware/src/test/motor_PID_params) by extension 'colcon_meta'
[0.451s] Level 1:colcon.colcon_core.package_identification:_identify(firmware/src/test/motor_PID_params) by extensions ['ros']
[0.451s] Level 1:colcon.colcon_core.package_identification:_identify(firmware/src/test/motor_PID_params) by extension 'ros'
[0.451s] Level 1:colcon.colcon_core.package_identification:_identify(firmware/src/test/motor_PID_params) by extensions ['cmake', 'python']
[0.451s] Level 1:colcon.colcon_core.package_identification:_identify(firmware/src/test/motor_PID_params) by extension 'cmake'
[0.451s] Level 1:colcon.colcon_core.package_identification:_identify(firmware/src/test/motor_PID_params) by extension 'python'
[0.451s] Level 1:colcon.colcon_core.package_identification:_identify(firmware/src/test/motor_PID_params) by extensions ['python_setup_py']
[0.451s] Level 1:colcon.colcon_core.package_identification:_identify(firmware/src/test/motor_PID_params) by extension 'python_setup_py'
[0.451s] Level 1:colcon.colcon_core.package_identification:_identify(hardware) by extensions ['ignore', 'ignore_ament_install']
[0.451s] Level 1:colcon.colcon_core.package_identification:_identify(hardware) by extension 'ignore'
[0.451s] Level 1:colcon.colcon_core.package_identification:_identify(hardware) by extension 'ignore_ament_install'
[0.451s] Level 1:colcon.colcon_core.package_identification:_identify(hardware) by extensions ['colcon_pkg']
[0.451s] Level 1:colcon.colcon_core.package_identification:_identify(hardware) by extension 'colcon_pkg'
[0.452s] Level 1:colcon.colcon_core.package_identification:_identify(hardware) by extensions ['colcon_meta']
[0.452s] Level 1:colcon.colcon_core.package_identification:_identify(hardware) by extension 'colcon_meta'
[0.452s] Level 1:colcon.colcon_core.package_identification:_identify(hardware) by extensions ['ros']
[0.452s] Level 1:colcon.colcon_core.package_identification:_identify(hardware) by extension 'ros'
[0.452s] Level 1:colcon.colcon_core.package_identification:_identify(hardware) by extensions ['cmake', 'python']
[0.452s] Level 1:colcon.colcon_core.package_identification:_identify(hardware) by extension 'cmake'
[0.452s] Level 1:colcon.colcon_core.package_identification:_identify(hardware) by extension 'python'
[0.452s] Level 1:colcon.colcon_core.package_identification:_identify(hardware) by extensions ['python_setup_py']
[0.452s] Level 1:colcon.colcon_core.package_identification:_identify(hardware) by extension 'python_setup_py'
[0.452s] Level 1:colcon.colcon_core.package_identification:_identify(install) by extensions ['ignore', 'ignore_ament_install']
[0.452s] Level 1:colcon.colcon_core.package_identification:_identify(install) by extension 'ignore'
[0.452s] Level 1:colcon.colcon_core.package_identification:_identify(install) ignored
[0.452s] Level 1:colcon.colcon_core.package_identification:_identify(log) by extensions ['ignore', 'ignore_ament_install']
[0.452s] Level 1:colcon.colcon_core.package_identification:_identify(log) by extension 'ignore'
[0.452s] Level 1:colcon.colcon_core.package_identification:_identify(log) ignored
[0.452s] Level 1:colcon.colcon_core.package_identification:_identify(software) by extensions ['ignore', 'ignore_ament_install']
[0.452s] Level 1:colcon.colcon_core.package_identification:_identify(software) by extension 'ignore'
[0.452s] Level 1:colcon.colcon_core.package_identification:_identify(software) by extension 'ignore_ament_install'
[0.453s] Level 1:colcon.colcon_core.package_identification:_identify(software) by extensions ['colcon_pkg']
[0.453s] Level 1:colcon.colcon_core.package_identification:_identify(software) by extension 'colcon_pkg'
[0.453s] Level 1:colcon.colcon_core.package_identification:_identify(software) by extensions ['colcon_meta']
[0.453s] Level 1:colcon.colcon_core.package_identification:_identify(software) by extension 'colcon_meta'
[0.453s] Level 1:colcon.colcon_core.package_identification:_identify(software) by extensions ['ros']
[0.453s] Level 1:colcon.colcon_core.package_identification:_identify(software) by extension 'ros'
[0.453s] Level 1:colcon.colcon_core.package_identification:_identify(software) by extensions ['cmake', 'python']
[0.453s] Level 1:colcon.colcon_core.package_identification:_identify(software) by extension 'cmake'
[0.453s] Level 1:colcon.colcon_core.package_identification:_identify(software) by extension 'python'
[0.453s] Level 1:colcon.colcon_core.package_identification:_identify(software) by extensions ['python_setup_py']
[0.453s] Level 1:colcon.colcon_core.package_identification:_identify(software) by extension 'python_setup_py'
[0.453s] Level 1:colcon.colcon_core.package_identification:_identify(software/rasperry_pi5) by extensions ['ignore', 'ignore_ament_install']
[0.453s] Level 1:colcon.colcon_core.package_identification:_identify(software/rasperry_pi5) by extension 'ignore'
[0.453s] Level 1:colcon.colcon_core.package_identification:_identify(software/rasperry_pi5) by extension 'ignore_ament_install'
[0.453s] Level 1:colcon.colcon_core.package_identification:_identify(software/rasperry_pi5) by extensions ['colcon_pkg']
[0.453s] Level 1:colcon.colcon_core.package_identification:_identify(software/rasperry_pi5) by extension 'colcon_pkg'
[0.453s] Level 1:colcon.colcon_core.package_identification:_identify(software/rasperry_pi5) by extensions ['colcon_meta']
[0.453s] Level 1:colcon.colcon_core.package_identification:_identify(software/rasperry_pi5) by extension 'colcon_meta'
[0.453s] Level 1:colcon.colcon_core.package_identification:_identify(software/rasperry_pi5) by extensions ['ros']
[0.453s] Level 1:colcon.colcon_core.package_identification:_identify(software/rasperry_pi5) by extension 'ros'
[0.454s] Level 1:colcon.colcon_core.package_identification:_identify(software/rasperry_pi5) by extensions ['cmake', 'python']
[0.454s] Level 1:colcon.colcon_core.package_identification:_identify(software/rasperry_pi5) by extension 'cmake'
[0.454s] Level 1:colcon.colcon_core.package_identification:_identify(software/rasperry_pi5) by extension 'python'
[0.454s] Level 1:colcon.colcon_core.package_identification:_identify(software/rasperry_pi5) by extensions ['python_setup_py']
[0.454s] Level 1:colcon.colcon_core.package_identification:_identify(software/rasperry_pi5) by extension 'python_setup_py'
[0.454s] Level 1:colcon.colcon_core.package_identification:_identify(software/robot_controller) by extensions ['ignore', 'ignore_ament_install']
[0.454s] Level 1:colcon.colcon_core.package_identification:_identify(software/robot_controller) by extension 'ignore'
[0.454s] Level 1:colcon.colcon_core.package_identification:_identify(software/robot_controller) by extension 'ignore_ament_install'
[0.454s] Level 1:colcon.colcon_core.package_identification:_identify(software/robot_controller) by extensions ['colcon_pkg']
[0.454s] Level 1:colcon.colcon_core.package_identification:_identify(software/robot_controller) by extension 'colcon_pkg'
[0.454s] Level 1:colcon.colcon_core.package_identification:_identify(software/robot_controller) by extensions ['colcon_meta']
[0.454s] Level 1:colcon.colcon_core.package_identification:_identify(software/robot_controller) by extension 'colcon_meta'
[0.454s] Level 1:colcon.colcon_core.package_identification:_identify(software/robot_controller) by extensions ['ros']
[0.454s] Level 1:colcon.colcon_core.package_identification:_identify(software/robot_controller) by extension 'ros'
[0.454s] Level 1:colcon.colcon_core.package_identification:_identify(software/robot_controller) by extensions ['cmake', 'python']
[0.454s] Level 1:colcon.colcon_core.package_identification:_identify(software/robot_controller) by extension 'cmake'
[0.454s] Level 1:colcon.colcon_core.package_identification:_identify(software/robot_controller) by extension 'python'
[0.454s] Level 1:colcon.colcon_core.package_identification:_identify(software/robot_controller) by extensions ['python_setup_py']
[0.454s] Level 1:colcon.colcon_core.package_identification:_identify(software/robot_controller) by extension 'python_setup_py'
[0.455s] Level 1:colcon.colcon_core.package_identification:_identify(software/robot_controller/__pycache__) by extensions ['ignore', 'ignore_ament_install']
[0.455s] Level 1:colcon.colcon_core.package_identification:_identify(software/robot_controller/__pycache__) by extension 'ignore'
[0.455s] Level 1:colcon.colcon_core.package_identification:_identify(software/robot_controller/__pycache__) by extension 'ignore_ament_install'
[0.455s] Level 1:colcon.colcon_core.package_identification:_identify(software/robot_controller/__pycache__) by extensions ['colcon_pkg']
[0.455s] Level 1:colcon.colcon_core.package_identification:_identify(software/robot_controller/__pycache__) by extension 'colcon_pkg'
[0.455s] Level 1:colcon.colcon_core.package_identification:_identify(software/robot_controller/__pycache__) by extensions ['colcon_meta']
[0.455s] Level 1:colcon.colcon_core.package_identification:_identify(software/robot_controller/__pycache__) by extension 'colcon_meta'
[0.455s] Level 1:colcon.colcon_core.package_identification:_identify(software/robot_controller/__pycache__) by extensions ['ros']
[0.455s] Level 1:colcon.colcon_core.package_identification:_identify(software/robot_controller/__pycache__) by extension 'ros'
[0.455s] Level 1:colcon.colcon_core.package_identification:_identify(software/robot_controller/__pycache__) by extensions ['cmake', 'python']
[0.455s] Level 1:colcon.colcon_core.package_identification:_identify(software/robot_controller/__pycache__) by extension 'cmake'
[0.455s] Level 1:colcon.colcon_core.package_identification:_identify(software/robot_controller/__pycache__) by extension 'python'
[0.455s] Level 1:colcon.colcon_core.package_identification:_identify(software/robot_controller/__pycache__) by extensions ['python_setup_py']
[0.455s] Level 1:colcon.colcon_core.package_identification:_identify(software/robot_controller/__pycache__) by extension 'python_setup_py'
[0.455s] Level 1:colcon.colcon_core.package_identification:_identify(software/robot_controller/templates) by extensions ['ignore', 'ignore_ament_install']
[0.455s] Level 1:colcon.colcon_core.package_identification:_identify(software/robot_controller/templates) by extension 'ignore'
[0.455s] Level 1:colcon.colcon_core.package_identification:_identify(software/robot_controller/templates) by extension 'ignore_ament_install'
[0.455s] Level 1:colcon.colcon_core.package_identification:_identify(software/robot_controller/templates) by extensions ['colcon_pkg']
[0.455s] Level 1:colcon.colcon_core.package_identification:_identify(software/robot_controller/templates) by extension 'colcon_pkg'
[0.456s] Level 1:colcon.colcon_core.package_identification:_identify(software/robot_controller/templates) by extensions ['colcon_meta']
[0.456s] Level 1:colcon.colcon_core.package_identification:_identify(software/robot_controller/templates) by extension 'colcon_meta'
[0.456s] Level 1:colcon.colcon_core.package_identification:_identify(software/robot_controller/templates) by extensions ['ros']
[0.456s] Level 1:colcon.colcon_core.package_identification:_identify(software/robot_controller/templates) by extension 'ros'
[0.456s] Level 1:colcon.colcon_core.package_identification:_identify(software/robot_controller/templates) by extensions ['cmake', 'python']
[0.456s] Level 1:colcon.colcon_core.package_identification:_identify(software/robot_controller/templates) by extension 'cmake'
[0.456s] Level 1:colcon.colcon_core.package_identification:_identify(software/robot_controller/templates) by extension 'python'
[0.456s] Level 1:colcon.colcon_core.package_identification:_identify(software/robot_controller/templates) by extensions ['python_setup_py']
[0.456s] Level 1:colcon.colcon_core.package_identification:_identify(software/robot_controller/templates) by extension 'python_setup_py'
[0.456s] Level 1:colcon.colcon_core.package_identification:_identify(software/web_controller_gpt) by extensions ['ignore', 'ignore_ament_install']
[0.456s] Level 1:colcon.colcon_core.package_identification:_identify(software/web_controller_gpt) by extension 'ignore'
[0.456s] Level 1:colcon.colcon_core.package_identification:_identify(software/web_controller_gpt) by extension 'ignore_ament_install'
[0.456s] Level 1:colcon.colcon_core.package_identification:_identify(software/web_controller_gpt) by extensions ['colcon_pkg']
[0.456s] Level 1:colcon.colcon_core.package_identification:_identify(software/web_controller_gpt) by extension 'colcon_pkg'
[0.456s] Level 1:colcon.colcon_core.package_identification:_identify(software/web_controller_gpt) by extensions ['colcon_meta']
[0.456s] Level 1:colcon.colcon_core.package_identification:_identify(software/web_controller_gpt) by extension 'colcon_meta'
[0.456s] Level 1:colcon.colcon_core.package_identification:_identify(software/web_controller_gpt) by extensions ['ros']
[0.456s] Level 1:colcon.colcon_core.package_identification:_identify(software/web_controller_gpt) by extension 'ros'
[0.456s] Level 1:colcon.colcon_core.package_identification:_identify(software/web_controller_gpt) by extensions ['cmake', 'python']
[0.456s] Level 1:colcon.colcon_core.package_identification:_identify(software/web_controller_gpt) by extension 'cmake'
[0.457s] Level 1:colcon.colcon_core.package_identification:_identify(software/web_controller_gpt) by extension 'python'
[0.457s] Level 1:colcon.colcon_core.package_identification:_identify(software/web_controller_gpt) by extensions ['python_setup_py']
[0.457s] Level 1:colcon.colcon_core.package_identification:_identify(software/web_controller_gpt) by extension 'python_setup_py'
[0.457s] Level 1:colcon.colcon_core.package_identification:_identify(software/web_controller_gpt/template) by extensions ['ignore', 'ignore_ament_install']
[0.457s] Level 1:colcon.colcon_core.package_identification:_identify(software/web_controller_gpt/template) by extension 'ignore'
[0.457s] Level 1:colcon.colcon_core.package_identification:_identify(software/web_controller_gpt/template) by extension 'ignore_ament_install'
[0.457s] Level 1:colcon.colcon_core.package_identification:_identify(software/web_controller_gpt/template) by extensions ['colcon_pkg']
[0.457s] Level 1:colcon.colcon_core.package_identification:_identify(software/web_controller_gpt/template) by extension 'colcon_pkg'
[0.457s] Level 1:colcon.colcon_core.package_identification:_identify(software/web_controller_gpt/template) by extensions ['colcon_meta']
[0.457s] Level 1:colcon.colcon_core.package_identification:_identify(software/web_controller_gpt/template) by extension 'colcon_meta'
[0.457s] Level 1:colcon.colcon_core.package_identification:_identify(software/web_controller_gpt/template) by extensions ['ros']
[0.457s] Level 1:colcon.colcon_core.package_identification:_identify(software/web_controller_gpt/template) by extension 'ros'
[0.457s] Level 1:colcon.colcon_core.package_identification:_identify(software/web_controller_gpt/template) by extensions ['cmake', 'python']
[0.457s] Level 1:colcon.colcon_core.package_identification:_identify(software/web_controller_gpt/template) by extension 'cmake'
[0.457s] Level 1:colcon.colcon_core.package_identification:_identify(software/web_controller_gpt/template) by extension 'python'
[0.457s] Level 1:colcon.colcon_core.package_identification:_identify(software/web_controller_gpt/template) by extensions ['python_setup_py']
[0.457s] Level 1:colcon.colcon_core.package_identification:_identify(software/web_controller_gpt/template) by extension 'python_setup_py'
[0.457s] Level 1:colcon.colcon_core.package_discovery:discover_packages(recursive) using defaults
[0.457s] Level 1:colcon.colcon_core.package_discovery:discover_packages(ignore) discover
[0.457s] Level 1:colcon.colcon_core.package_discovery:discover_packages(ignore) using defaults
[0.457s] Level 1:colcon.colcon_core.package_discovery:discover_packages(path) discover
[0.457s] Level 1:colcon.colcon_core.package_discovery:discover_packages(path) using defaults
[0.499s] Level 1:colcon.colcon_core.package_discovery:discover_packages(prefix_path) check parameters
[0.499s] Level 1:colcon.colcon_core.package_discovery:discover_packages(prefix_path) discover
[0.507s] DEBUG:colcon.colcon_installed_package_information.package_discovery:Found 2 installed packages in /home/lulu/mecanum_ws/install
[0.510s] DEBUG:colcon.colcon_installed_package_information.package_discovery:Found 285 installed packages in /opt/ros/jazzy
[0.511s] Level 1:colcon.colcon_core.package_discovery:discover_packages(prefix_path) using defaults
[0.576s] INFO:colcon.colcon_core.executor:Executing jobs using 'parallel' executor
[0.578s] DEBUG:colcon.colcon_parallel_executor.executor.parallel:run_until_complete
[0.578s] DEBUG:colcon.colcon_parallel_executor.executor.parallel:closing loop
[0.578s] DEBUG:colcon.colcon_parallel_executor.executor.parallel:loop closed
[0.578s] DEBUG:colcon.colcon_parallel_executor.executor.parallel:run_until_complete finished with '0'
[0.579s] DEBUG:colcon.colcon_core.event_reactor:joining thread
[0.594s] INFO:colcon.colcon_core.plugin_system:Skipping extension 'colcon_notification.desktop_notification.terminal_notifier': Not used on non-Darwin systems
[0.594s] INFO:colcon.colcon_core.plugin_system:Skipping extension 'colcon_notification.desktop_notification.win32': Not used on non-Windows systems
[0.594s] INFO:colcon.colcon_notification.desktop_notification:Sending desktop notification using 'notify2'
[0.619s] DEBUG:colcon.colcon_core.event_reactor:joined thread
[0.631s] INFO:colcon.colcon_core.plugin_system:Skipping extension 'colcon_core.shell.bat': Not used on non-Windows systems
[0.631s] INFO:colcon.colcon_core.shell:Creating prefix script '/home/lulu/mecanum_lulu/install/local_setup.ps1'
[0.633s] INFO:colcon.colcon_core.shell:Creating prefix util module '/home/lulu/mecanum_lulu/install/_local_setup_util_ps1.py'
[0.635s] INFO:colcon.colcon_core.shell:Creating prefix chain script '/home/lulu/mecanum_lulu/install/setup.ps1'
[0.637s] INFO:colcon.colcon_core.shell:Creating prefix script '/home/lulu/mecanum_lulu/install/local_setup.sh'
[0.638s] INFO:colcon.colcon_core.shell:Creating prefix util module '/home/lulu/mecanum_lulu/install/_local_setup_util_sh.py'
[0.639s] INFO:colcon.colcon_core.shell:Creating prefix chain script '/home/lulu/mecanum_lulu/install/setup.sh'
[0.641s] INFO:colcon.colcon_core.shell:Creating prefix script '/home/lulu/mecanum_lulu/install/local_setup.bash'
[0.643s] INFO:colcon.colcon_core.shell:Creating prefix chain script '/home/lulu/mecanum_lulu/install/setup.bash'
[0.644s] INFO:colcon.colcon_core.shell:Creating prefix script '/home/lulu/mecanum_lulu/install/local_setup.zsh'
[0.646s] INFO:colcon.colcon_core.shell:Creating prefix chain script '/home/lulu/mecanum_lulu/install/setup.zsh'
